0 info it worked if it ends with ok
1 verbose cli [ 'C:\\Program Files\\nodejs\\node.exe',
1 verbose cli   'C:\\Program Files\\nodejs\\node_modules\\npm\\bin\\npm-cli.js',
1 verbose cli   'run',
1 verbose cli   'dev-base' ]
2 info using npm@3.10.10
3 info using node@v6.11.0
4 verbose run-script [ 'predev-base', 'dev-base', 'postdev-base' ]
5 info lifecycle web4@1.0.0~predev-base: web4@1.0.0
6 silly lifecycle web4@1.0.0~predev-base: no script for predev-base, continuing
7 info lifecycle web4@1.0.0~dev-base: web4@1.0.0
8 verbose lifecycle web4@1.0.0~dev-base: unsafe-perm in lifecycle true
9 verbose lifecycle web4@1.0.0~dev-base: PATH: C:\Program Files\nodejs\node_modules\npm\bin\node-gyp-bin;D:\sources\spider\protoplan\web5\node_modules\.bin;C:\ProgramData\Oracle\Java\javapath;C:\WINDOWS\system32;C:\WINDOWS;C:\WINDOWS\System32\Wbem;C:\WINDOWS\System32\WindowsPowerShell\v1.0\;C:\Program Files\Sublime Text 3;C:\Program Files\Anaconda2;C:\Program Files\Anaconda2\Scripts;C:\Program Files\Anaconda2\Library\bin;C:\Program Files\Git\cmd;C:\Program Files (x86)\Skype\Phone\;C:\Program Files\nodejs\;C:\Users\Peter Karabinovych\AppData\Local\Microsoft\WindowsApps;C:\Program Files (x86)\Microsoft VS Code\bin;C:\Users\Peter Karabinovych\AppData\Roaming\npm
10 verbose lifecycle web4@1.0.0~dev-base: CWD: D:\sources\spider\protoplan\web5
11 silly lifecycle web4@1.0.0~dev-base: Args: [ '/d /s /c',
11 silly lifecycle   'rollup -c -w -i src/app-base.js -f iife -o dist/app-base.js' ]
12 verbose stack Error: kill ENOSYS
12 verbose stack     at exports._errnoException (util.js:1018:11)
12 verbose stack     at process.kill (internal/process.js:190:13)
12 verbose stack     at process.listener (C:\Program Files\nodejs\node_modules\npm\node_modules\npmlog\node_modules\gauge\node_modules\signal-exit\index.js:86:15)
12 verbose stack     at emitNone (events.js:91:20)
12 verbose stack     at process.emit (events.js:185:7)
12 verbose stack     at processEmit (C:\Program Files\nodejs\node_modules\npm\node_modules\npmlog\node_modules\gauge\node_modules\signal-exit\index.js:146:32)
12 verbose stack     at processEmit (C:\Program Files\nodejs\node_modules\npm\node_modules\npm-registry-client\node_modules\npmlog\node_modules\gauge\node_modules\signal-exit\index.js:146:32)
12 verbose stack     at Signal.wrap.onsignal (internal/process.js:217:44)
13 verbose cwd D:\sources\spider\protoplan\web5
14 error Windows_NT 10.0.15063
15 error argv "C:\\Program Files\\nodejs\\node.exe" "C:\\Program Files\\nodejs\\node_modules\\npm\\bin\\npm-cli.js" "run" "dev-base"
16 error node v6.11.0
17 error npm  v3.10.10
18 error code ENOSYS
19 error errno ENOSYS
20 error syscall kill
21 error kill ENOSYS
22 error If you need help, you may report this error at:
22 error     <https://github.com/npm/npm/issues>
23 verbose exit [ 1, true ]
